Using pre-set license
Built from '2020.3/staging' branch; Version is '2020.3.11f1 (99c7afb366b3) revision 10078127'; Using compiler version '192528614'; Build Type 'Release'
OS: 'Windows 10 Pro; OS build 19043.1165; Version 2009; 64bit' Language: 'ru' Physical Memory: 16365 MB
BatchMode: 1, IsHumanControllingUs: 0, StartBugReporterOnCrash: 0, Is64bit: 1, IsPro: 0

 COMMAND LINE ARGUMENTS:
D:\UnityShit\2020.3.11f1\Editor\Unity.exe
-adb2
-batchMode
-noUpm
-name
AssetImportWorker1
-projectPath
C:/Users/Ghost2911/Documents/GitHub/BomberPig
-logFile
Logs/AssetImportWorker1.log
-srvPort
11616
Successfully changed project path to: C:/Users/Ghost2911/Documents/GitHub/BomberPig
C:/Users/Ghost2911/Documents/GitHub/BomberPig
Using Asset Import Pipeline V2.
Refreshing native plugins compatible for Editor in 70.78 ms, found 3 plugins.
Preloading 0 native plugins for Editor in 0.00 ms.
Initialize engine version: 2020.3.11f1 (99c7afb366b3)
[Subsystems] Discovering subsystems at path D:/UnityShit/2020.3.11f1/Editor/Data/Resources/UnitySubsystems
[Subsystems] Discovering subsystems at path C:/Users/Ghost2911/Documents/GitHub/BomberPig/Assets
GfxDevice: creating device client; threaded=0
Direct3D:
    Version:  Direct3D 11.0 [level 11.1]
    Renderer: NVIDIA GeForce GTX 1050 Ti (ID=0x1c82)
    Vendor:   
    VRAM:     4018 MB
    Driver:   30.0.14.7111
Initialize mono
Mono path[0] = 'D:/UnityShit/2020.3.11f1/Editor/Data/Managed'
Mono path[1] = 'D:/UnityShit/2020.3.11f1/Editor/Data/MonoBleedingEdge/lib/mono/unityjit'
Mono config path = 'D:/UnityShit/2020.3.11f1/Editor/Data/MonoBleedingEdge/etc'
Using monoOptions --debugger-agent=transport=dt_socket,embedding=1,server=y,suspend=n,address=127.0.0.1:56196
Begin MonoManager ReloadAssembly
Registering precompiled unity dll's ...
Register platform support module: D:/UnityShit/2020.3.11f1/Editor/Data/PlaybackEngines/WindowsStandaloneSupport/UnityEditor.WindowsStandalone.Extensions.dll
Registered in 0.001870 seconds.
Native extension for WindowsStandalone target not found
Refreshing native plugins compatible for Editor in 70.57 ms, found 3 plugins.
Preloading 0 native plugins for Editor in 0.00 ms.
Mono: successfully reloaded assembly
- Completed reload, in  3.028 seconds
Platform modules already initialized, skipping
Registering precompiled user dll's ...
Registered in 0.008160 seconds.
Begin MonoManager ReloadAssembly
Native extension for WindowsStandalone target not found
Refreshing native plugins compatible for Editor in 0.78 ms, found 3 plugins.
Preloading 0 native plugins for Editor in 0.00 ms.
Mono: successfully reloaded assembly
- Completed reload, in  1.698 seconds
Platform modules already initialized, skipping
========================================================================
Worker process is ready to serve import requests
Launched and connected shader compiler UnityShaderCompiler.exe after 0.07 seconds
Refreshing native plugins compatible for Editor in 0.76 ms, found 3 plugins.
Preloading 0 native plugins for Editor in 0.00 ms.
Unloading 2070 Unused Serialized files (Serialized files now loaded: 0)
System memory in use before: 92.4 MB.
System memory in use after: 92.5 MB.

Unloading 28 unused Assets to reduce memory usage. Loaded Objects now: 2509.
Total: 3.110800 ms (FindLiveObjects: 0.361400 ms CreateObjectMapping: 0.099900 ms MarkObjects: 2.557200 ms  DeleteObjects: 0.091000 ms)

========================================================================
Received Import Request.
  path: Assets/Scripts/Cell.prefab
  artifactKey: Guid(2c2a987da8cdf274dbdc6148517f7020) Importer(815301076,1909f56bfc062723c751e8b465ee728b)
Start importing Assets/Scripts/Cell.prefab using Guid(2c2a987da8cdf274dbdc6148517f7020) Importer(815301076,1909f56bfc062723c751e8b465ee728b)  -> (artifact id: '7bae222028cf1f863c211172890c9084') in 0.075900 seconds
  Import took 0.080821 seconds .

========================================================================
Received Import Request.
  Time since last request: 0.130436 seconds.
  path: Assets/Scripts/Cell.prefab
  artifactKey: Guid(2c2a987da8cdf274dbdc6148517f7020) Importer(815301076,1909f56bfc062723c751e8b465ee728b)
Start importing Assets/Scripts/Cell.prefab using Guid(2c2a987da8cdf274dbdc6148517f7020) Importer(815301076,1909f56bfc062723c751e8b465ee728b)  -> (artifact id: '7bae222028cf1f863c211172890c9084') in 0.005857 seconds
  Import took 0.010627 seconds .

========================================================================
Received Prepare
Registering precompiled user dll's ...
Registered in 0.008329 seconds.
Begin MonoManager ReloadAssembly
Native extension for WindowsStandalone target not found
Refreshing native plugins compatible for Editor in 0.79 ms, found 3 plugins.
Preloading 0 native plugins for Editor in 0.00 ms.
Mono: successfully reloaded assembly
- Completed reload, in  1.601 seconds
Platform modules already initialized, skipping
Switching build target platform(19) subTarget(0) extendedPlatform(0) -> platform(13) subTarget(537395200) extendedPlatform(0)
Refreshing native plugins compatible for Editor in 0.79 ms, found 3 plugins.
Preloading 0 native plugins for Editor in 0.00 ms.
Unloading 2062 Unused Serialized files (Serialized files now loaded: 0)
System memory in use before: 91.7 MB.
System memory in use after: 91.9 MB.

Unloading 16 unused Assets to reduce memory usage. Loaded Objects now: 2513.
Total: 3.435500 ms (FindLiveObjects: 0.383700 ms CreateObjectMapping: 0.100000 ms MarkObjects: 2.923400 ms  DeleteObjects: 0.026600 ms)

AssetImportParameters requested are different than current active one (requested -> active):
  custom:graphics/normal-map-encoding: 01000000000000000000000000000000 -> 02000000000000000000000000000000
========================================================================
Received Import Request.
  Time since last request: 47.766764 seconds.
  path: Assets/Scripts/Cell.cs
  artifactKey: Guid(27282a3b71675184d8ab9976022658f6) Importer(815301076,1909f56bfc062723c751e8b465ee728b)
Start importing Assets/Scripts/Cell.cs using Guid(27282a3b71675184d8ab9976022658f6) Importer(815301076,1909f56bfc062723c751e8b465ee728b)  -> (artifact id: '3ff2ef5dca53b7d60fce6aaa122c5fcb') in 0.012524 seconds
  Import took 0.017170 seconds .

========================================================================
Received Prepare
Registering precompiled user dll's ...
Registered in 0.008935 seconds.
Begin MonoManager ReloadAssembly
Native extension for WindowsStandalone target not found
Refreshing native plugins compatible for Editor in 0.76 ms, found 3 plugins.
Preloading 0 native plugins for Editor in 0.00 ms.
Mono: successfully reloaded assembly
- Completed reload, in  1.594 seconds
Platform modules already initialized, skipping
Switching build target platform(19) subTarget(0) extendedPlatform(0) -> platform(13) subTarget(537395200) extendedPlatform(0)
Refreshing native plugins compatible for Editor in 0.76 ms, found 3 plugins.
Preloading 0 native plugins for Editor in 0.00 ms.
Unloading 2062 Unused Serialized files (Serialized files now loaded: 0)
System memory in use before: 91.8 MB.
System memory in use after: 91.9 MB.

Unloading 16 unused Assets to reduce memory usage. Loaded Objects now: 2517.
Total: 3.125200 ms (FindLiveObjects: 0.353700 ms CreateObjectMapping: 0.099600 ms MarkObjects: 2.649100 ms  DeleteObjects: 0.021200 ms)

AssetImportParameters requested are different than current active one (requested -> active):
  custom:graphics/normal-map-encoding: 01000000000000000000000000000000 -> 02000000000000000000000000000000
========================================================================
Received Prepare
Registering precompiled user dll's ...
Registered in 0.010006 seconds.
Begin MonoManager ReloadAssembly
Native extension for WindowsStandalone target not found
Refreshing native plugins compatible for Editor in 0.80 ms, found 3 plugins.
Preloading 0 native plugins for Editor in 0.00 ms.
Mono: successfully reloaded assembly
- Completed reload, in  1.639 seconds
Platform modules already initialized, skipping
Switching build target platform(19) subTarget(0) extendedPlatform(0) -> platform(13) subTarget(537395200) extendedPlatform(0)
Refreshing native plugins compatible for Editor in 0.73 ms, found 3 plugins.
Preloading 0 native plugins for Editor in 0.00 ms.
Unloading 2062 Unused Serialized files (Serialized files now loaded: 0)
System memory in use before: 91.8 MB.
System memory in use after: 91.9 MB.

Unloading 16 unused Assets to reduce memory usage. Loaded Objects now: 2521.
Total: 3.130500 ms (FindLiveObjects: 0.462100 ms CreateObjectMapping: 0.102800 ms MarkObjects: 2.541400 ms  DeleteObjects: 0.022700 ms)

AssetImportParameters requested are different than current active one (requested -> active):
  custom:graphics/normal-map-encoding: 01000000000000000000000000000000 -> 02000000000000000000000000000000
========================================================================
Received Prepare
Registering precompiled user dll's ...
Registered in 0.008098 seconds.
Begin MonoManager ReloadAssembly
Native extension for WindowsStandalone target not found
Refreshing native plugins compatible for Editor in 0.78 ms, found 3 plugins.
Preloading 0 native plugins for Editor in 0.00 ms.
Mono: successfully reloaded assembly
- Completed reload, in  1.573 seconds
Platform modules already initialized, skipping
Switching build target platform(19) subTarget(0) extendedPlatform(0) -> platform(13) subTarget(537395200) extendedPlatform(0)
Refreshing native plugins compatible for Editor in 0.78 ms, found 3 plugins.
Preloading 0 native plugins for Editor in 0.00 ms.
Unloading 2062 Unused Serialized files (Serialized files now loaded: 0)
System memory in use before: 91.8 MB.
System memory in use after: 91.9 MB.

Unloading 16 unused Assets to reduce memory usage. Loaded Objects now: 2525.
Total: 3.139100 ms (FindLiveObjects: 0.348900 ms CreateObjectMapping: 0.104100 ms MarkObjects: 2.661800 ms  DeleteObjects: 0.022900 ms)

AssetImportParameters requested are different than current active one (requested -> active):
  custom:graphics/normal-map-encoding: 01000000000000000000000000000000 -> 02000000000000000000000000000000
========================================================================
Received Prepare
Registering precompiled user dll's ...
Registered in 0.008690 seconds.
Begin MonoManager ReloadAssembly
Native extension for WindowsStandalone target not found
Refreshing native plugins compatible for Editor in 0.85 ms, found 3 plugins.
Preloading 0 native plugins for Editor in 0.00 ms.
Mono: successfully reloaded assembly
- Completed reload, in  1.638 seconds
Platform modules already initialized, skipping
Switching build target platform(19) subTarget(0) extendedPlatform(0) -> platform(13) subTarget(537395200) extendedPlatform(0)
Refreshing native plugins compatible for Editor in 0.74 ms, found 3 plugins.
Preloading 0 native plugins for Editor in 0.00 ms.
Unloading 2062 Unused Serialized files (Serialized files now loaded: 0)
System memory in use before: 91.8 MB.
System memory in use after: 92.0 MB.

Unloading 16 unused Assets to reduce memory usage. Loaded Objects now: 2529.
Total: 3.241700 ms (FindLiveObjects: 0.370500 ms CreateObjectMapping: 0.102000 ms MarkObjects: 2.742200 ms  DeleteObjects: 0.025600 ms)

AssetImportParameters requested are different than current active one (requested -> active):
  custom:graphics/normal-map-encoding: 01000000000000000000000000000000 -> 02000000000000000000000000000000
========================================================================
Received Prepare
Registering precompiled user dll's ...
Registered in 0.008023 seconds.
Begin MonoManager ReloadAssembly
Native extension for WindowsStandalone target not found
Refreshing native plugins compatible for Editor in 0.80 ms, found 3 plugins.
Preloading 0 native plugins for Editor in 0.00 ms.
Mono: successfully reloaded assembly
- Completed reload, in  1.596 seconds
Platform modules already initialized, skipping
Switching build target platform(19) subTarget(0) extendedPlatform(0) -> platform(13) subTarget(537395200) extendedPlatform(0)
Refreshing native plugins compatible for Editor in 0.71 ms, found 3 plugins.
Preloading 0 native plugins for Editor in 0.00 ms.
Unloading 2062 Unused Serialized files (Serialized files now loaded: 0)
System memory in use before: 91.8 MB.
System memory in use after: 92.0 MB.

Unloading 16 unused Assets to reduce memory usage. Loaded Objects now: 2533.
Total: 3.003200 ms (FindLiveObjects: 0.347200 ms CreateObjectMapping: 0.097800 ms MarkObjects: 2.516000 ms  DeleteObjects: 0.040700 ms)

AssetImportParameters requested are different than current active one (requested -> active):
  custom:graphics/normal-map-encoding: 01000000000000000000000000000000 -> 02000000000000000000000000000000
========================================================================
Received Prepare
Registering precompiled user dll's ...
Registered in 0.007906 seconds.
Begin MonoManager ReloadAssembly
Native extension for WindowsStandalone target not found
Refreshing native plugins compatible for Editor in 0.81 ms, found 3 plugins.
Preloading 0 native plugins for Editor in 0.00 ms.
Mono: successfully reloaded assembly
- Completed reload, in  1.588 seconds
Platform modules already initialized, skipping
Switching build target platform(19) subTarget(0) extendedPlatform(0) -> platform(13) subTarget(537395200) extendedPlatform(0)
Refreshing native plugins compatible for Editor in 0.77 ms, found 3 plugins.
Preloading 0 native plugins for Editor in 0.00 ms.
Unloading 2062 Unused Serialized files (Serialized files now loaded: 0)
System memory in use before: 91.9 MB.
System memory in use after: 92.0 MB.

Unloading 16 unused Assets to reduce memory usage. Loaded Objects now: 2537.
Total: 2.997600 ms (FindLiveObjects: 0.350000 ms CreateObjectMapping: 0.100600 ms MarkObjects: 2.511100 ms  DeleteObjects: 0.034400 ms)

AssetImportParameters requested are different than current active one (requested -> active):
  custom:graphics/normal-map-encoding: 01000000000000000000000000000000 -> 02000000000000000000000000000000
========================================================================
Received Prepare
Registering precompiled user dll's ...
Registered in 0.008042 seconds.
Begin MonoManager ReloadAssembly
Native extension for WindowsStandalone target not found
Refreshing native plugins compatible for Editor in 0.77 ms, found 3 plugins.
Preloading 0 native plugins for Editor in 0.00 ms.
Mono: successfully reloaded assembly
- Completed reload, in  1.627 seconds
Platform modules already initialized, skipping
Switching build target platform(19) subTarget(0) extendedPlatform(0) -> platform(13) subTarget(537395200) extendedPlatform(0)
Refreshing native plugins compatible for Editor in 0.78 ms, found 3 plugins.
Preloading 0 native plugins for Editor in 0.00 ms.
Unloading 2062 Unused Serialized files (Serialized files now loaded: 0)
System memory in use before: 91.9 MB.
System memory in use after: 92.0 MB.

Unloading 16 unused Assets to reduce memory usage. Loaded Objects now: 2541.
Total: 3.252900 ms (FindLiveObjects: 0.371400 ms CreateObjectMapping: 0.101000 ms MarkObjects: 2.753500 ms  DeleteObjects: 0.025200 ms)

AssetImportParameters requested are different than current active one (requested -> active):
  custom:graphics/normal-map-encoding: 01000000000000000000000000000000 -> 02000000000000000000000000000000
========================================================================
Received Prepare
Registering precompiled user dll's ...
Registered in 0.007851 seconds.
Begin MonoManager ReloadAssembly
Native extension for WindowsStandalone target not found
Refreshing native plugins compatible for Editor in 0.83 ms, found 3 plugins.
Preloading 0 native plugins for Editor in 0.00 ms.
Mono: successfully reloaded assembly
- Completed reload, in  1.621 seconds
Platform modules already initialized, skipping
Switching build target platform(19) subTarget(0) extendedPlatform(0) -> platform(13) subTarget(537395200) extendedPlatform(0)
Refreshing native plugins compatible for Editor in 0.74 ms, found 3 plugins.
Preloading 0 native plugins for Editor in 0.00 ms.
Unloading 2062 Unused Serialized files (Serialized files now loaded: 0)
System memory in use before: 91.9 MB.
System memory in use after: 92.0 MB.

Unloading 16 unused Assets to reduce memory usage. Loaded Objects now: 2545.
Total: 2.985300 ms (FindLiveObjects: 0.383500 ms CreateObjectMapping: 0.097900 ms MarkObjects: 2.472900 ms  DeleteObjects: 0.029200 ms)

AssetImportParameters requested are different than current active one (requested -> active):
  custom:graphics/normal-map-encoding: 01000000000000000000000000000000 -> 02000000000000000000000000000000
========================================================================
Received Prepare
Registering precompiled user dll's ...
Registered in 0.007769 seconds.
Begin MonoManager ReloadAssembly
Native extension for WindowsStandalone target not found
Refreshing native plugins compatible for Editor in 0.88 ms, found 3 plugins.
Preloading 0 native plugins for Editor in 0.00 ms.
Mono: successfully reloaded assembly
- Completed reload, in  1.743 seconds
Platform modules already initialized, skipping
Switching build target platform(19) subTarget(0) extendedPlatform(0) -> platform(13) subTarget(537395200) extendedPlatform(0)
Refreshing native plugins compatible for Editor in 0.79 ms, found 3 plugins.
Preloading 0 native plugins for Editor in 0.00 ms.
Unloading 2062 Unused Serialized files (Serialized files now loaded: 0)
System memory in use before: 91.9 MB.
System memory in use after: 92.0 MB.

Unloading 16 unused Assets to reduce memory usage. Loaded Objects now: 2549.
Total: 3.170300 ms (FindLiveObjects: 0.387900 ms CreateObjectMapping: 0.259900 ms MarkObjects: 2.494800 ms  DeleteObjects: 0.026100 ms)

AssetImportParameters requested are different than current active one (requested -> active):
  custom:graphics/normal-map-encoding: 01000000000000000000000000000000 -> 02000000000000000000000000000000
========================================================================
Received Prepare
Registering precompiled user dll's ...
Registered in 0.010248 seconds.
Begin MonoManager ReloadAssembly
Native extension for WindowsStandalone target not found
Refreshing native plugins compatible for Editor in 0.77 ms, found 3 plugins.
Preloading 0 native plugins for Editor in 0.00 ms.
Mono: successfully reloaded assembly
- Completed reload, in  1.634 seconds
Platform modules already initialized, skipping
Switching build target platform(19) subTarget(0) extendedPlatform(0) -> platform(13) subTarget(537395200) extendedPlatform(0)
Refreshing native plugins compatible for Editor in 0.81 ms, found 3 plugins.
Preloading 0 native plugins for Editor in 0.00 ms.
Unloading 2062 Unused Serialized files (Serialized files now loaded: 0)
System memory in use before: 91.9 MB.
System memory in use after: 92.0 MB.

Unloading 16 unused Assets to reduce memory usage. Loaded Objects now: 2553.
Total: 2.978000 ms (FindLiveObjects: 0.356300 ms CreateObjectMapping: 0.101200 ms MarkObjects: 2.478900 ms  DeleteObjects: 0.029300 ms)

AssetImportParameters requested are different than current active one (requested -> active):
  custom:graphics/normal-map-encoding: 01000000000000000000000000000000 -> 02000000000000000000000000000000
========================================================================
Received Prepare
Registering precompiled user dll's ...
Registered in 0.007861 seconds.
Begin MonoManager ReloadAssembly
Native extension for WindowsStandalone target not found
Refreshing native plugins compatible for Editor in 0.81 ms, found 3 plugins.
Preloading 0 native plugins for Editor in 0.00 ms.
Mono: successfully reloaded assembly
- Completed reload, in  1.661 seconds
Platform modules already initialized, skipping
Switching build target platform(19) subTarget(0) extendedPlatform(0) -> platform(13) subTarget(537395200) extendedPlatform(0)
Refreshing native plugins compatible for Editor in 0.75 ms, found 3 plugins.
Preloading 0 native plugins for Editor in 0.00 ms.
Unloading 2062 Unused Serialized files (Serialized files now loaded: 0)
System memory in use before: 91.9 MB.
System memory in use after: 92.0 MB.

Unloading 16 unused Assets to reduce memory usage. Loaded Objects now: 2557.
Total: 3.041500 ms (FindLiveObjects: 0.355800 ms CreateObjectMapping: 0.103900 ms MarkObjects: 2.555900 ms  DeleteObjects: 0.024000 ms)

AssetImportParameters requested are different than current active one (requested -> active):
  custom:graphics/normal-map-encoding: 01000000000000000000000000000000 -> 02000000000000000000000000000000
========================================================================
Received Import Request.
  Time since last request: 1287.098028 seconds.
  path: Assets/Plugins/Pig.prefab
  artifactKey: Guid(9267332e111dbb049a933abf5527ae21) Importer(815301076,1909f56bfc062723c751e8b465ee728b)
Start importing Assets/Plugins/Pig.prefab using Guid(9267332e111dbb049a933abf5527ae21) Importer(815301076,1909f56bfc062723c751e8b465ee728b)  -> (artifact id: '603b0897a04d253957414afef2300e9c') in 0.223284 seconds
  Import took 0.228077 seconds .

========================================================================
Received Import Request.
  Time since last request: 0.001038 seconds.
  path: Assets/Pig.prefab
  artifactKey: Guid(9267332e111dbb049a933abf5527ae21) Importer(815301076,1909f56bfc062723c751e8b465ee728b)
Start importing Assets/Pig.prefab using Guid(9267332e111dbb049a933abf5527ae21) Importer(815301076,1909f56bfc062723c751e8b465ee728b)  -> (artifact id: '603b0897a04d253957414afef2300e9c') in 0.079721 seconds
  Import took 0.084598 seconds .

========================================================================
Received Import Request.
  Time since last request: 21.010028 seconds.
  path: Assets/Background.prefab
  artifactKey: Guid(4a294efcc29176946938a4daa332bd24) Importer(815301076,1909f56bfc062723c751e8b465ee728b)
Start importing Assets/Background.prefab using Guid(4a294efcc29176946938a4daa332bd24) Importer(815301076,1909f56bfc062723c751e8b465ee728b)  -> (artifact id: '2aa86e213d6091c3204838037fa52f9a') in 0.062234 seconds
  Import took 0.066872 seconds .

========================================================================
Received Import Request.
  Time since last request: 0.005968 seconds.
  path: Assets/Background.prefab
  artifactKey: Guid(4a294efcc29176946938a4daa332bd24) Importer(815301076,1909f56bfc062723c751e8b465ee728b)
Start importing Assets/Background.prefab using Guid(4a294efcc29176946938a4daa332bd24) Importer(815301076,1909f56bfc062723c751e8b465ee728b)  -> (artifact id: '2aa86e213d6091c3204838037fa52f9a') in 0.033519 seconds
  Import took 0.038834 seconds .

========================================================================
Received Import Request.
  Time since last request: 3.413803 seconds.
  path: Assets/btnPlaceBomb.prefab
  artifactKey: Guid(602c477e1055bd9458b4caadb5fb6217) Importer(815301076,1909f56bfc062723c751e8b465ee728b)
Start importing Assets/btnPlaceBomb.prefab using Guid(602c477e1055bd9458b4caadb5fb6217) Importer(815301076,1909f56bfc062723c751e8b465ee728b)  -> (artifact id: 'a91020835ded64734b21a225ef8aaca9') in 0.029296 seconds
  Import took 0.034406 seconds .

========================================================================
Received Import Request.
  Time since last request: 0.005958 seconds.
  path: Assets/btnPlaceBomb.prefab
  artifactKey: Guid(602c477e1055bd9458b4caadb5fb6217) Importer(815301076,1909f56bfc062723c751e8b465ee728b)
Start importing Assets/btnPlaceBomb.prefab using Guid(602c477e1055bd9458b4caadb5fb6217) Importer(815301076,1909f56bfc062723c751e8b465ee728b)  -> (artifact id: 'a91020835ded64734b21a225ef8aaca9') in 0.005711 seconds
  Import took 0.010111 seconds .

========================================================================
Received Import Request.
  Time since last request: 3.472667 seconds.
  path: Assets/PointPanel.prefab
  artifactKey: Guid(875aea9efe8acb0419a6aae7f6f33735) Importer(815301076,1909f56bfc062723c751e8b465ee728b)
Start importing Assets/PointPanel.prefab using Guid(875aea9efe8acb0419a6aae7f6f33735) Importer(815301076,1909f56bfc062723c751e8b465ee728b)  -> (artifact id: '382ebe6de8dc32ec981d92a6b31a3358') in 0.023455 seconds
  Import took 0.028216 seconds .

========================================================================
Received Import Request.
  Time since last request: 0.011115 seconds.
  path: Assets/PointPanel.prefab
  artifactKey: Guid(875aea9efe8acb0419a6aae7f6f33735) Importer(815301076,1909f56bfc062723c751e8b465ee728b)
Start importing Assets/PointPanel.prefab using Guid(875aea9efe8acb0419a6aae7f6f33735) Importer(815301076,1909f56bfc062723c751e8b465ee728b)  -> (artifact id: '382ebe6de8dc32ec981d92a6b31a3358') in 0.007440 seconds
  Import took 0.012173 seconds .

========================================================================
Received Import Request.
  Time since last request: 13.897801 seconds.
  path: Assets/Bomb.cs
  artifactKey: Guid(f126ee4f2342956479b2dd3f63a25955) Importer(815301076,1909f56bfc062723c751e8b465ee728b)
Start importing Assets/Bomb.cs using Guid(f126ee4f2342956479b2dd3f63a25955) Importer(815301076,1909f56bfc062723c751e8b465ee728b)  -> (artifact id: '27ba6841b5d183451111960f18fd2daa') in 0.007922 seconds
  Import took 0.012569 seconds .

========================================================================
Received Import Request.
  Time since last request: 15.003219 seconds.
  path: Assets/CustomGrid.prefab
  artifactKey: Guid(4a294efcc29176946938a4daa332bd24) Importer(815301076,1909f56bfc062723c751e8b465ee728b)
Start importing Assets/CustomGrid.prefab using Guid(4a294efcc29176946938a4daa332bd24) Importer(815301076,1909f56bfc062723c751e8b465ee728b)  -> (artifact id: '924527be336f3e57053566f9d2fa4ba9') in 0.035647 seconds
  Import took 0.041373 seconds .

========================================================================
Received Import Request.
  Time since last request: 18.596157 seconds.
  path: Assets/Scenes/SampleScene.unity
  artifactKey: Guid(2cda990e2423bbf4892e6590ba056729) Importer(815301076,1909f56bfc062723c751e8b465ee728b)
Start importing Assets/Scenes/SampleScene.unity using Guid(2cda990e2423bbf4892e6590ba056729) Importer(815301076,1909f56bfc062723c751e8b465ee728b)  -> (artifact id: '9210835664840e2e5bdfdd38cd55f94b') in 0.015811 seconds
  Import took 0.020411 seconds .

========================================================================
Received Import Request.
  Time since last request: 5.841108 seconds.
  path: Assets/Scenes/Main.unity
  artifactKey: Guid(2cda990e2423bbf4892e6590ba056729) Importer(815301076,1909f56bfc062723c751e8b465ee728b)
Start importing Assets/Scenes/Main.unity using Guid(2cda990e2423bbf4892e6590ba056729) Importer(815301076,1909f56bfc062723c751e8b465ee728b)  -> (artifact id: 'fa8dc8ba3bf56ecc951b87bbea68170e') in 0.009167 seconds
  Import took 0.013777 seconds .

========================================================================
Received Import Request.
  Time since last request: 57.161838 seconds.
  path: Assets/level.prefab
  artifactKey: Guid(2a4645a3979b6b44b8039221dd366ba9) Importer(815301076,1909f56bfc062723c751e8b465ee728b)
Start importing Assets/level.prefab using Guid(2a4645a3979b6b44b8039221dd366ba9) Importer(815301076,1909f56bfc062723c751e8b465ee728b)  -> (artifact id: '621845574755032e6cf4cd046bad1f2c') in 0.029129 seconds
  Import took 0.033834 seconds .

========================================================================
Received Import Request.
  Time since last request: 0.002382 seconds.
  path: Assets/level.prefab
  artifactKey: Guid(2a4645a3979b6b44b8039221dd366ba9) Importer(815301076,1909f56bfc062723c751e8b465ee728b)
Start importing Assets/level.prefab using Guid(2a4645a3979b6b44b8039221dd366ba9) Importer(815301076,1909f56bfc062723c751e8b465ee728b)  -> (artifact id: '621845574755032e6cf4cd046bad1f2c') in 0.025461 seconds
  Import took 0.030029 seconds .

========================================================================
Received Import Request.
  Time since last request: 6.589018 seconds.
  path: Assets/CustomGrid.prefab
  artifactKey: Guid(2a4645a3979b6b44b8039221dd366ba9) Importer(815301076,1909f56bfc062723c751e8b465ee728b)
Start importing Assets/CustomGrid.prefab using Guid(2a4645a3979b6b44b8039221dd366ba9) Importer(815301076,1909f56bfc062723c751e8b465ee728b)  -> (artifact id: '20e77912313733fc6e3e5486aeb940a4') in 0.032732 seconds
  Import took 0.037934 seconds .

========================================================================
Received Prepare
Registering precompiled user dll's ...
Registered in 0.008149 seconds.
Begin MonoManager ReloadAssembly
Native extension for WindowsStandalone target not found
Refreshing native plugins compatible for Editor in 0.81 ms, found 3 plugins.
Preloading 0 native plugins for Editor in 0.00 ms.
Mono: successfully reloaded assembly
- Completed reload, in  1.650 seconds
Platform modules already initialized, skipping
Switching build target platform(19) subTarget(0) extendedPlatform(0) -> platform(13) subTarget(537395200) extendedPlatform(0)
Refreshing native plugins compatible for Editor in 0.76 ms, found 3 plugins.
Preloading 0 native plugins for Editor in 0.00 ms.
Unloading 2062 Unused Serialized files (Serialized files now loaded: 0)
System memory in use before: 95.0 MB.
System memory in use after: 95.1 MB.

Unloading 17 unused Assets to reduce memory usage. Loaded Objects now: 2570.
Total: 3.188500 ms (FindLiveObjects: 0.378200 ms CreateObjectMapping: 0.102800 ms MarkObjects: 2.666100 ms  DeleteObjects: 0.039800 ms)

AssetImportParameters requested are different than current active one (requested -> active):
  custom:graphics/normal-map-encoding: 01000000000000000000000000000000 -> 02000000000000000000000000000000
========================================================================
Received Prepare
Registering precompiled user dll's ...
Registered in 0.009115 seconds.
Begin MonoManager ReloadAssembly
Native extension for WindowsStandalone target not found
Refreshing native plugins compatible for Editor in 0.91 ms, found 3 plugins.
Preloading 0 native plugins for Editor in 0.00 ms.
Mono: successfully reloaded assembly
- Completed reload, in  1.654 seconds
Platform modules already initialized, skipping
Switching build target platform(19) subTarget(0) extendedPlatform(0) -> platform(13) subTarget(537395200) extendedPlatform(0)
Refreshing native plugins compatible for Editor in 0.75 ms, found 3 plugins.
Preloading 0 native plugins for Editor in 0.00 ms.
Unloading 2062 Unused Serialized files (Serialized files now loaded: 0)
System memory in use before: 95.0 MB.
System memory in use after: 95.1 MB.

Unloading 16 unused Assets to reduce memory usage. Loaded Objects now: 2574.
Total: 3.085000 ms (FindLiveObjects: 0.396800 ms CreateObjectMapping: 0.103400 ms MarkObjects: 2.547700 ms  DeleteObjects: 0.036000 ms)

AssetImportParameters requested are different than current active one (requested -> active):
  custom:graphics/normal-map-encoding: 01000000000000000000000000000000 -> 02000000000000000000000000000000
========================================================================
Received Prepare
Registering precompiled user dll's ...
Registered in 0.008089 seconds.
Begin MonoManager ReloadAssembly
Native extension for WindowsStandalone target not found
Refreshing native plugins compatible for Editor in 0.78 ms, found 3 plugins.
Preloading 0 native plugins for Editor in 0.00 ms.
Mono: successfully reloaded assembly
- Completed reload, in  1.658 seconds
Platform modules already initialized, skipping
Switching build target platform(19) subTarget(0) extendedPlatform(0) -> platform(13) subTarget(537395200) extendedPlatform(0)
Refreshing native plugins compatible for Editor in 0.77 ms, found 3 plugins.
Preloading 0 native plugins for Editor in 0.00 ms.
Unloading 2062 Unused Serialized files (Serialized files now loaded: 0)
System memory in use before: 95.0 MB.
System memory in use after: 95.1 MB.

Unloading 16 unused Assets to reduce memory usage. Loaded Objects now: 2578.
Total: 3.115100 ms (FindLiveObjects: 0.373700 ms CreateObjectMapping: 0.099600 ms MarkObjects: 2.617300 ms  DeleteObjects: 0.022400 ms)

AssetImportParameters requested are different than current active one (requested -> active):
  custom:graphics/normal-map-encoding: 01000000000000000000000000000000 -> 02000000000000000000000000000000
========================================================================
Received Prepare
Registering precompiled user dll's ...
Registered in 0.008098 seconds.
Begin MonoManager ReloadAssembly
Native extension for WindowsStandalone target not found
Refreshing native plugins compatible for Editor in 0.92 ms, found 3 plugins.
Preloading 0 native plugins for Editor in 0.00 ms.
Mono: successfully reloaded assembly
- Completed reload, in  1.751 seconds
Platform modules already initialized, skipping
Switching build target platform(19) subTarget(0) extendedPlatform(0) -> platform(13) subTarget(537395200) extendedPlatform(0)
Refreshing native plugins compatible for Editor in 0.75 ms, found 3 plugins.
Preloading 0 native plugins for Editor in 0.00 ms.
Unloading 2062 Unused Serialized files (Serialized files now loaded: 0)
System memory in use before: 95.0 MB.
System memory in use after: 95.1 MB.

Unloading 16 unused Assets to reduce memory usage. Loaded Objects now: 2582.
Total: 3.032200 ms (FindLiveObjects: 0.377600 ms CreateObjectMapping: 0.098800 ms MarkObjects: 2.504100 ms  DeleteObjects: 0.031900 ms)

AssetImportParameters requested are different than current active one (requested -> active):
  custom:graphics/normal-map-encoding: 01000000000000000000000000000000 -> 02000000000000000000000000000000
========================================================================
Received Prepare
Registering precompiled user dll's ...
Registered in 0.007665 seconds.
Begin MonoManager ReloadAssembly
Native extension for WindowsStandalone target not found
Refreshing native plugins compatible for Editor in 0.77 ms, found 3 plugins.
Preloading 0 native plugins for Editor in 0.00 ms.
Mono: successfully reloaded assembly
- Completed reload, in  1.636 seconds
Platform modules already initialized, skipping
Switching build target platform(19) subTarget(0) extendedPlatform(0) -> platform(13) subTarget(537395200) extendedPlatform(0)
Refreshing native plugins compatible for Editor in 0.76 ms, found 3 plugins.
Preloading 0 native plugins for Editor in 0.00 ms.
Unloading 2062 Unused Serialized files (Serialized files now loaded: 0)
System memory in use before: 95.0 MB.
System memory in use after: 95.2 MB.

Unloading 16 unused Assets to reduce memory usage. Loaded Objects now: 2586.
Total: 3.278500 ms (FindLiveObjects: 0.374000 ms CreateObjectMapping: 0.103000 ms MarkObjects: 2.775600 ms  DeleteObjects: 0.024000 ms)

AssetImportParameters requested are different than current active one (requested -> active):
  custom:graphics/normal-map-encoding: 01000000000000000000000000000000 -> 02000000000000000000000000000000
========================================================================
Received Import Request.
  Time since last request: 357.625719 seconds.
  path: Assets/Scripts/Pig.cs
  artifactKey: Guid(277d1f0557186dc43a47f30e5ec80a19) Importer(815301076,1909f56bfc062723c751e8b465ee728b)
Start importing Assets/Scripts/Pig.cs using Guid(277d1f0557186dc43a47f30e5ec80a19) Importer(815301076,1909f56bfc062723c751e8b465ee728b)  -> (artifact id: '3a74a85b04e0635294ee18f6bdae7461') in 0.007188 seconds
  Import took 0.011792 seconds .

========================================================================
Received Prepare
Registering precompiled user dll's ...
Registered in 0.074988 seconds.
Begin MonoManager ReloadAssembly
Native extension for WindowsStandalone target not found
Refreshing native plugins compatible for Editor in 0.87 ms, found 3 plugins.
Preloading 0 native plugins for Editor in 0.00 ms.
Mono: successfully reloaded assembly
- Completed reload, in  2.198 seconds
Platform modules already initialized, skipping
Switching build target platform(19) subTarget(0) extendedPlatform(0) -> platform(13) subTarget(537395200) extendedPlatform(0)
Refreshing native plugins compatible for Editor in 0.86 ms, found 3 plugins.
Preloading 0 native plugins for Editor in 0.00 ms.
Unloading 2062 Unused Serialized files (Serialized files now loaded: 0)
System memory in use before: 95.0 MB.
System memory in use after: 95.2 MB.

Unloading 16 unused Assets to reduce memory usage. Loaded Objects now: 2590.
Total: 3.783300 ms (FindLiveObjects: 0.624500 ms CreateObjectMapping: 0.128100 ms MarkObjects: 2.999400 ms  DeleteObjects: 0.029500 ms)

AssetImportParameters requested are different than current active one (requested -> active):
  custom:graphics/normal-map-encoding: 01000000000000000000000000000000 -> 02000000000000000000000000000000
========================================================================
Received Prepare
Registering precompiled user dll's ...
Registered in 0.008123 seconds.
Begin MonoManager ReloadAssembly
Native extension for WindowsStandalone target not found
Refreshing native plugins compatible for Editor in 0.81 ms, found 3 plugins.
Preloading 0 native plugins for Editor in 0.00 ms.
Mono: successfully reloaded assembly
- Completed reload, in  1.691 seconds
Platform modules already initialized, skipping
Switching build target platform(19) subTarget(0) extendedPlatform(0) -> platform(13) subTarget(537395200) extendedPlatform(0)
Refreshing native plugins compatible for Editor in 0.73 ms, found 3 plugins.
Preloading 0 native plugins for Editor in 0.00 ms.
Unloading 2062 Unused Serialized files (Serialized files now loaded: 0)
System memory in use before: 95.1 MB.
System memory in use after: 95.2 MB.

Unloading 16 unused Assets to reduce memory usage. Loaded Objects now: 2594.
Total: 3.022900 ms (FindLiveObjects: 0.432900 ms CreateObjectMapping: 0.114000 ms MarkObjects: 2.451800 ms  DeleteObjects: 0.022700 ms)

AssetImportParameters requested are different than current active one (requested -> active):
  custom:graphics/normal-map-encoding: 01000000000000000000000000000000 -> 02000000000000000000000000000000
========================================================================
Received Prepare
Registering precompiled user dll's ...
Registered in 0.009337 seconds.
Begin MonoManager ReloadAssembly
Native extension for WindowsStandalone target not found
Refreshing native plugins compatible for Editor in 0.83 ms, found 3 plugins.
Preloading 0 native plugins for Editor in 0.00 ms.
Mono: successfully reloaded assembly
- Completed reload, in  2.017 seconds
Platform modules already initialized, skipping
Switching build target platform(19) subTarget(0) extendedPlatform(0) -> platform(13) subTarget(537395200) extendedPlatform(0)
Refreshing native plugins compatible for Editor in 1.01 ms, found 3 plugins.
Preloading 0 native plugins for Editor in 0.00 ms.
Unloading 2062 Unused Serialized files (Serialized files now loaded: 0)
System memory in use before: 95.1 MB.
System memory in use after: 95.2 MB.

Unloading 16 unused Assets to reduce memory usage. Loaded Objects now: 2598.
Total: 4.381900 ms (FindLiveObjects: 0.430600 ms CreateObjectMapping: 0.103500 ms MarkObjects: 3.812300 ms  DeleteObjects: 0.033800 ms)

AssetImportParameters requested are different than current active one (requested -> active):
  custom:graphics/normal-map-encoding: 01000000000000000000000000000000 -> 02000000000000000000000000000000
========================================================================
Received Prepare
Registering precompiled user dll's ...
Registered in 0.009249 seconds.
Begin MonoManager ReloadAssembly
Native extension for WindowsStandalone target not found
Refreshing native plugins compatible for Editor in 0.80 ms, found 3 plugins.
Preloading 0 native plugins for Editor in 0.00 ms.
Mono: successfully reloaded assembly
- Completed reload, in  1.726 seconds
Platform modules already initialized, skipping
Switching build target platform(19) subTarget(0) extendedPlatform(0) -> platform(13) subTarget(537395200) extendedPlatform(0)
Refreshing native plugins compatible for Editor in 0.80 ms, found 3 plugins.
Preloading 0 native plugins for Editor in 0.00 ms.
Unloading 2062 Unused Serialized files (Serialized files now loaded: 0)
System memory in use before: 95.1 MB.
System memory in use after: 95.2 MB.

Unloading 16 unused Assets to reduce memory usage. Loaded Objects now: 2602.
Total: 3.024600 ms (FindLiveObjects: 0.390100 ms CreateObjectMapping: 0.109300 ms MarkObjects: 2.500700 ms  DeleteObjects: 0.023100 ms)

AssetImportParameters requested are different than current active one (requested -> active):
  custom:graphics/normal-map-encoding: 01000000000000000000000000000000 -> 02000000000000000000000000000000
========================================================================
Received Import Request.
  Time since last request: 272.456119 seconds.
  path: Assets/Sprites/enemy.prefab
  artifactKey: Guid(3571286d99715244293c74b18210c59a) Importer(815301076,1909f56bfc062723c751e8b465ee728b)
Start importing Assets/Sprites/enemy.prefab using Guid(3571286d99715244293c74b18210c59a) Importer(815301076,1909f56bfc062723c751e8b465ee728b)  -> (artifact id: 'f5cca49eb89547e1f53296ccb907a5dd') in 0.151220 seconds
  Import took 0.156765 seconds .

========================================================================
Received Import Request.
  Time since last request: 1.029112 seconds.
  path: Assets/Sprites/explossion.anim
  artifactKey: Guid(5a428af14999a914a904028a74255141) Importer(815301076,1909f56bfc062723c751e8b465ee728b)
Start importing Assets/Sprites/explossion.anim using Guid(5a428af14999a914a904028a74255141) Importer(815301076,1909f56bfc062723c751e8b465ee728b)  -> (artifact id: 'e9c3402b8d7ed8b1aeff4f3644243cdf') in 0.011789 seconds
  Import took 0.016257 seconds .

========================================================================
Received Import Request.
  Time since last request: 10.177439 seconds.
  path: Assets/s.cs
  artifactKey: Guid(cc2aa6aef9ae737419219f1cbb8d40a4) Importer(815301076,1909f56bfc062723c751e8b465ee728b)
Start importing Assets/s.cs using Guid(cc2aa6aef9ae737419219f1cbb8d40a4) Importer(815301076,1909f56bfc062723c751e8b465ee728b)  -> (artifact id: '8fc05b7afce84ea639b32375ca617313') in 0.008837 seconds
  Import took 0.013943 seconds .

========================================================================
Received Prepare
Registering precompiled user dll's ...
Registered in 0.008520 seconds.
Begin MonoManager ReloadAssembly
Native extension for WindowsStandalone target not found
Refreshing native plugins compatible for Editor in 0.83 ms, found 3 plugins.
Preloading 0 native plugins for Editor in 0.00 ms.
Mono: successfully reloaded assembly
- Completed reload, in  1.675 seconds
Platform modules already initialized, skipping
Switching build target platform(19) subTarget(0) extendedPlatform(0) -> platform(13) subTarget(537395200) extendedPlatform(0)
Refreshing native plugins compatible for Editor in 0.79 ms, found 3 plugins.
Preloading 0 native plugins for Editor in 0.00 ms.
Unloading 2062 Unused Serialized files (Serialized files now loaded: 0)
System memory in use before: 95.1 MB.
System memory in use after: 95.2 MB.

Unloading 16 unused Assets to reduce memory usage. Loaded Objects now: 2607.
Total: 3.091500 ms (FindLiveObjects: 0.360600 ms CreateObjectMapping: 0.098200 ms MarkObjects: 2.605700 ms  DeleteObjects: 0.025300 ms)

AssetImportParameters requested are different than current active one (requested -> active):
  custom:graphics/normal-map-encoding: 01000000000000000000000000000000 -> 02000000000000000000000000000000
========================================================================
Received Import Request.
  Time since last request: 17.673167 seconds.
  path: Assets/Prefabs
  artifactKey: Guid(576909a4a07c3f0478290d44916f42af) Importer(815301076,1909f56bfc062723c751e8b465ee728b)
Start importing Assets/Prefabs using Guid(576909a4a07c3f0478290d44916f42af) Importer(815301076,1909f56bfc062723c751e8b465ee728b)  -> (artifact id: '447bcb2fd10421e37f69418c5dd3a401') in 0.019721 seconds
  Import took 0.024352 seconds .

========================================================================
Received Import Request.
  Time since last request: 7.849836 seconds.
  path: Assets/Plugins
  artifactKey: Guid(7051ce8c98cea164e9a74ce3007c2054) Importer(815301076,1909f56bfc062723c751e8b465ee728b)
Start importing Assets/Plugins using Guid(7051ce8c98cea164e9a74ce3007c2054) Importer(815301076,1909f56bfc062723c751e8b465ee728b)  -> (artifact id: '0739ae0bb813e49cdf845ca7fb02cd07') in 0.010039 seconds
  Import took 0.015112 seconds .

========================================================================
Received Import Request.
  Time since last request: 1.177982 seconds.
  path: Assets/Plugins/SimpleInput
  artifactKey: Guid(dd323ccdee68efc45b8afc8cb3fd90b9) Importer(815301076,1909f56bfc062723c751e8b465ee728b)
Start importing Assets/Plugins/SimpleInput using Guid(dd323ccdee68efc45b8afc8cb3fd90b9) Importer(815301076,1909f56bfc062723c751e8b465ee728b)  -> (artifact id: '130d4a970031007f1a2babcf91310707') in 0.009625 seconds
  Import took 0.014094 seconds .

========================================================================
Received Prepare
Registering precompiled user dll's ...
Registered in 0.009547 seconds.
Begin MonoManager ReloadAssembly
Native extension for WindowsStandalone target not found
Refreshing native plugins compatible for Editor in 0.84 ms, found 3 plugins.
Preloading 0 native plugins for Editor in 0.00 ms.
Mono: successfully reloaded assembly
- Completed reload, in  1.762 seconds
Platform modules already initialized, skipping
Switching build target platform(19) subTarget(0) extendedPlatform(0) -> platform(13) subTarget(537395200) extendedPlatform(0)
Refreshing native plugins compatible for Editor in 0.76 ms, found 3 plugins.
Preloading 0 native plugins for Editor in 0.00 ms.
Unloading 2023 Unused Serialized files (Serialized files now loaded: 0)
System memory in use before: 94.3 MB.
System memory in use after: 94.4 MB.

Unloading 50 unused Assets to reduce memory usage. Loaded Objects now: 2577.
Total: 3.161200 ms (FindLiveObjects: 0.384000 ms CreateObjectMapping: 0.099700 ms MarkObjects: 2.638500 ms  DeleteObjects: 0.037500 ms)

AssetImportParameters requested are different than current active one (requested -> active):
  custom:graphics/normal-map-encoding: 01000000000000000000000000000000 -> 02000000000000000000000000000000
========================================================================
Received Prepare
Registering precompiled user dll's ...
Registered in 0.009104 seconds.
Begin MonoManager ReloadAssembly
Native extension for WindowsStandalone target not found
Refreshing native plugins compatible for Editor in 0.76 ms, found 3 plugins.
Preloading 0 native plugins for Editor in 0.00 ms.
Mono: successfully reloaded assembly
- Completed reload, in  1.678 seconds
Platform modules already initialized, skipping
Switching build target platform(19) subTarget(0) extendedPlatform(0) -> platform(13) subTarget(537395200) extendedPlatform(0)
Refreshing native plugins compatible for Editor in 0.76 ms, found 3 plugins.
Preloading 0 native plugins for Editor in 0.00 ms.
Unloading 2023 Unused Serialized files (Serialized files now loaded: 0)
System memory in use before: 94.2 MB.
System memory in use after: 94.4 MB.

Unloading 16 unused Assets to reduce memory usage. Loaded Objects now: 2581.
Total: 3.373600 ms (FindLiveObjects: 0.385700 ms CreateObjectMapping: 0.112200 ms MarkObjects: 2.848400 ms  DeleteObjects: 0.025500 ms)

AssetImportParameters requested are different than current active one (requested -> active):
  custom:graphics/normal-map-encoding: 01000000000000000000000000000000 -> 02000000000000000000000000000000
========================================================================
Received Import Request.
  Time since last request: 127.126900 seconds.
  path: Assets/Prefabs/NewBehaviourScript.cs
  artifactKey: Guid(577647ba678ac694881db025864810a1) Importer(815301076,1909f56bfc062723c751e8b465ee728b)
Start importing Assets/Prefabs/NewBehaviourScript.cs using Guid(577647ba678ac694881db025864810a1) Importer(815301076,1909f56bfc062723c751e8b465ee728b)  -> (artifact id: 'b6ea7938bfac58e2923e651194893e66') in 0.019195 seconds
  Import took 0.023966 seconds .

========================================================================
Received Prepare
Registering precompiled user dll's ...
Registered in 0.007624 seconds.
Begin MonoManager ReloadAssembly
Native extension for WindowsStandalone target not found
Refreshing native plugins compatible for Editor in 0.78 ms, found 3 plugins.
Preloading 0 native plugins for Editor in 0.00 ms.
Mono: successfully reloaded assembly
- Completed reload, in  1.699 seconds
Platform modules already initialized, skipping
Switching build target platform(19) subTarget(0) extendedPlatform(0) -> platform(13) subTarget(537395200) extendedPlatform(0)
Refreshing native plugins compatible for Editor in 0.78 ms, found 3 plugins.
Preloading 0 native plugins for Editor in 0.00 ms.
Unloading 2023 Unused Serialized files (Serialized files now loaded: 0)
System memory in use before: 94.3 MB.
System memory in use after: 94.4 MB.

Unloading 16 unused Assets to reduce memory usage. Loaded Objects now: 2585.
Total: 3.046800 ms (FindLiveObjects: 0.385300 ms CreateObjectMapping: 0.106200 ms MarkObjects: 2.531200 ms  DeleteObjects: 0.022700 ms)

AssetImportParameters requested are different than current active one (requested -> active):
  custom:graphics/normal-map-encoding: 01000000000000000000000000000000 -> 02000000000000000000000000000000
========================================================================
Received Prepare
Registering precompiled user dll's ...
Registered in 0.008831 seconds.
Begin MonoManager ReloadAssembly
Native extension for WindowsStandalone target not found
Refreshing native plugins compatible for Editor in 0.78 ms, found 3 plugins.
Preloading 0 native plugins for Editor in 0.00 ms.
Mono: successfully reloaded assembly
- Completed reload, in  1.694 seconds
Platform modules already initialized, skipping
Switching build target platform(19) subTarget(0) extendedPlatform(0) -> platform(13) subTarget(537395200) extendedPlatform(0)
Refreshing native plugins compatible for Editor in 0.84 ms, found 3 plugins.
Preloading 0 native plugins for Editor in 0.00 ms.
Unloading 2024 Unused Serialized files (Serialized files now loaded: 0)
System memory in use before: 94.3 MB.
System memory in use after: 94.4 MB.

Unloading 16 unused Assets to reduce memory usage. Loaded Objects now: 2590.
Total: 3.186800 ms (FindLiveObjects: 0.354500 ms CreateObjectMapping: 0.098100 ms MarkObjects: 2.710400 ms  DeleteObjects: 0.022100 ms)

AssetImportParameters requested are different than current active one (requested -> active):
  custom:graphics/normal-map-encoding: 01000000000000000000000000000000 -> 02000000000000000000000000000000
========================================================================
Received Prepare
Registering precompiled user dll's ...
Registered in 0.008572 seconds.
Begin MonoManager ReloadAssembly
Native extension for WindowsStandalone target not found
Refreshing native plugins compatible for Editor in 0.79 ms, found 3 plugins.
Preloading 0 native plugins for Editor in 0.00 ms.
Mono: successfully reloaded assembly
- Completed reload, in  1.706 seconds
Platform modules already initialized, skipping
Switching build target platform(19) subTarget(0) extendedPlatform(0) -> platform(13) subTarget(537395200) extendedPlatform(0)
Refreshing native plugins compatible for Editor in 0.76 ms, found 3 plugins.
Preloading 0 native plugins for Editor in 0.00 ms.
Unloading 2023 Unused Serialized files (Serialized files now loaded: 0)
System memory in use before: 94.3 MB.
System memory in use after: 94.4 MB.

Unloading 17 unused Assets to reduce memory usage. Loaded Objects now: 2593.
Total: 3.091400 ms (FindLiveObjects: 0.392200 ms CreateObjectMapping: 0.098900 ms MarkObjects: 2.574000 ms  DeleteObjects: 0.025100 ms)

AssetImportParameters requested are different than current active one (requested -> active):
  custom:graphics/normal-map-encoding: 01000000000000000000000000000000 -> 02000000000000000000000000000000
========================================================================
Received Import Request.
  Time since last request: 35.523814 seconds.
  path: Assets/Prefabs/Grid
  artifactKey: Guid(fba7d8637a6e0ab41a1ea3f5ae5d8704) Importer(815301076,1909f56bfc062723c751e8b465ee728b)
Start importing Assets/Prefabs/Grid using Guid(fba7d8637a6e0ab41a1ea3f5ae5d8704) Importer(815301076,1909f56bfc062723c751e8b465ee728b)  -> (artifact id: 'b4ac989fab4b3aabddda28fc466ed604') in 0.012520 seconds
  Import took 0.017193 seconds .

========================================================================
Received Import Request.
  Time since last request: 0.024323 seconds.
  path: Assets/Prefabs/Grid
  artifactKey: Guid(fba7d8637a6e0ab41a1ea3f5ae5d8704) Importer(815301076,1909f56bfc062723c751e8b465ee728b)
Start importing Assets/Prefabs/Grid using Guid(fba7d8637a6e0ab41a1ea3f5ae5d8704) Importer(815301076,1909f56bfc062723c751e8b465ee728b)  -> (artifact id: 'b4ac989fab4b3aabddda28fc466ed604') in 0.004318 seconds
  Import took 0.008840 seconds .

========================================================================
Received Import Request.
  Time since last request: 29.818739 seconds.
  path: Assets/Prefabs/Bomb_Button.prefab
  artifactKey: Guid(602c477e1055bd9458b4caadb5fb6217) Importer(815301076,1909f56bfc062723c751e8b465ee728b)
Start importing Assets/Prefabs/Bomb_Button.prefab using Guid(602c477e1055bd9458b4caadb5fb6217) Importer(815301076,1909f56bfc062723c751e8b465ee728b)  -> (artifact id: '91cffb071f18b7c28a1b8eeaec5eea80') in 0.087488 seconds
  Import took 0.092279 seconds .

========================================================================
Received Import Request.
  Time since last request: 12.118594 seconds.
  path: Assets/Prefabs/ButtonBomb.prefab
  artifactKey: Guid(602c477e1055bd9458b4caadb5fb6217) Importer(815301076,1909f56bfc062723c751e8b465ee728b)
Start importing Assets/Prefabs/ButtonBomb.prefab using Guid(602c477e1055bd9458b4caadb5fb6217) Importer(815301076,1909f56bfc062723c751e8b465ee728b)  -> (artifact id: '2bc361068a1be49ece6bb6241558b69c') in 0.011083 seconds
  Import took 0.015436 seconds .

========================================================================
Received Import Request.
  Time since last request: 0.017728 seconds.
  path: Assets/Prefabs/ButtonBomb.prefab
  artifactKey: Guid(602c477e1055bd9458b4caadb5fb6217) Importer(815301076,1909f56bfc062723c751e8b465ee728b)
Start importing Assets/Prefabs/ButtonBomb.prefab using Guid(602c477e1055bd9458b4caadb5fb6217) Importer(815301076,1909f56bfc062723c751e8b465ee728b)  -> (artifact id: '2bc361068a1be49ece6bb6241558b69c') in 0.007554 seconds
  Import took 0.012842 seconds .

========================================================================
Received Import Request.
  Time since last request: 11.341126 seconds.
  path: Assets/Prefabs/UI
  artifactKey: Guid(0e181e264140a5d4f88b3ba356961a3d) Importer(815301076,1909f56bfc062723c751e8b465ee728b)
Start importing Assets/Prefabs/UI using Guid(0e181e264140a5d4f88b3ba356961a3d) Importer(815301076,1909f56bfc062723c751e8b465ee728b)  -> (artifact id: 'a23324f566a9f474900d5b3c576369d7') in 0.008988 seconds
  Import took 0.013642 seconds .

========================================================================
Received Prepare
Registering precompiled user dll's ...
Registered in 0.007673 seconds.
Begin MonoManager ReloadAssembly
Native extension for WindowsStandalone target not found
Refreshing native plugins compatible for Editor in 1.02 ms, found 3 plugins.
Preloading 0 native plugins for Editor in 0.00 ms.
Mono: successfully reloaded assembly
- Completed reload, in  1.768 seconds
Platform modules already initialized, skipping
Switching build target platform(19) subTarget(0) extendedPlatform(0) -> platform(13) subTarget(537395200) extendedPlatform(0)
Refreshing native plugins compatible for Editor in 0.86 ms, found 3 plugins.
Preloading 0 native plugins for Editor in 0.00 ms.
Unloading 2023 Unused Serialized files (Serialized files now loaded: 0)
System memory in use before: 94.3 MB.
System memory in use after: 94.4 MB.

Unloading 16 unused Assets to reduce memory usage. Loaded Objects now: 2597.
Total: 3.182500 ms (FindLiveObjects: 0.427100 ms CreateObjectMapping: 0.101000 ms MarkObjects: 2.624300 ms  DeleteObjects: 0.028600 ms)

AssetImportParameters requested are different than current active one (requested -> active):
  custom:graphics/normal-map-encoding: 01000000000000000000000000000000 -> 02000000000000000000000000000000
========================================================================
Received Prepare
Registering precompiled user dll's ...
Registered in 0.008233 seconds.
Begin MonoManager ReloadAssembly
Native extension for WindowsStandalone target not found
Refreshing native plugins compatible for Editor in 1.00 ms, found 3 plugins.
Preloading 0 native plugins for Editor in 0.00 ms.
Mono: successfully reloaded assembly
- Completed reload, in  1.710 seconds
Platform modules already initialized, skipping
Switching build target platform(19) subTarget(0) extendedPlatform(0) -> platform(13) subTarget(537395200) extendedPlatform(0)
Refreshing native plugins compatible for Editor in 0.81 ms, found 3 plugins.
Preloading 0 native plugins for Editor in 0.00 ms.
Unloading 2023 Unused Serialized files (Serialized files now loaded: 0)
System memory in use before: 94.3 MB.
System memory in use after: 94.4 MB.

Unloading 16 unused Assets to reduce memory usage. Loaded Objects now: 2601.
Total: 3.434400 ms (FindLiveObjects: 0.355800 ms CreateObjectMapping: 0.100800 ms MarkObjects: 2.953000 ms  DeleteObjects: 0.023400 ms)

AssetImportParameters requested are different than current active one (requested -> active):
  custom:graphics/normal-map-encoding: 01000000000000000000000000000000 -> 02000000000000000000000000000000
========================================================================
Received Import Request.
  Time since last request: 37.433507 seconds.
  path: Assets/Prefabs/GameObjects
  artifactKey: Guid(4ee122077d1e03e44939163bc26f0c99) Importer(815301076,1909f56bfc062723c751e8b465ee728b)
Start importing Assets/Prefabs/GameObjects using Guid(4ee122077d1e03e44939163bc26f0c99) Importer(815301076,1909f56bfc062723c751e8b465ee728b)  -> (artifact id: 'f0f4883babf6ac5342c5d3496d9565a3') in 0.013770 seconds
  Import took 0.018436 seconds .

========================================================================
Received Import Request.
  Time since last request: 17.541532 seconds.
  path: Assets/Animations
  artifactKey: Guid(7f0fef8a11c85954b9559795a0f14ca7) Importer(815301076,1909f56bfc062723c751e8b465ee728b)
Start importing Assets/Animations using Guid(7f0fef8a11c85954b9559795a0f14ca7) Importer(815301076,1909f56bfc062723c751e8b465ee728b)  -> (artifact id: '145807d082189a05b3a07f374dc1497e') in 0.009474 seconds
  Import took 0.015065 seconds .

========================================================================
Received Import Request.
  Time since last request: 3.617982 seconds.
  path: Assets/Sprites/farmer_dirty_up.anim
  artifactKey: Guid(9ea5cb7b0e901d34ca8ddedeee994f34) Importer(815301076,1909f56bfc062723c751e8b465ee728b)
Start importing Assets/Sprites/farmer_dirty_up.anim using Guid(9ea5cb7b0e901d34ca8ddedeee994f34) Importer(815301076,1909f56bfc062723c751e8b465ee728b)  -> (artifact id: '96db64acfea8219735453aeafd892134') in 0.019416 seconds
  Import took 0.023894 seconds .

========================================================================
Received Prepare
Refreshing native plugins compatible for Editor in 6.95 ms, found 3 plugins.
Preloading 0 native plugins for Editor in 0.00 ms.
Unloading 14 Unused Serialized files (Serialized files now loaded: 0)
System memory in use before: 54.7 MB.
System memory in use after: 54.8 MB.

Unloading 14 unused Assets to reduce memory usage. Loaded Objects now: 2601.
Total: 3.772200 ms (FindLiveObjects: 0.402000 ms CreateObjectMapping: 0.099000 ms MarkObjects: 3.250300 ms  DeleteObjects: 0.019900 ms)

========================================================================
Received Import Request.
  Time since last request: 472.921860 seconds.
  path: Assets/Prefabs/rock.prefab
  artifactKey: Guid(98e05522bff18e746a57bd0385d88a4d) Importer(815301076,1909f56bfc062723c751e8b465ee728b)
Start importing Assets/Prefabs/rock.prefab using Guid(98e05522bff18e746a57bd0385d88a4d) Importer(815301076,1909f56bfc062723c751e8b465ee728b)  -> (artifact id: 'e5b734dd57ef3ba7861fbf52e95c0f0f') in 0.070433 seconds
  Import took 0.075482 seconds .

========================================================================
Received Prepare
Registering precompiled user dll's ...
Registered in 0.007659 seconds.
Begin MonoManager ReloadAssembly
Native extension for WindowsStandalone target not found
Refreshing native plugins compatible for Editor in 0.78 ms, found 3 plugins.
Preloading 0 native plugins for Editor in 0.00 ms.
Mono: successfully reloaded assembly
- Completed reload, in  1.904 seconds
Platform modules already initialized, skipping
Switching build target platform(19) subTarget(0) extendedPlatform(0) -> platform(13) subTarget(537395200) extendedPlatform(0)
Refreshing native plugins compatible for Editor in 0.75 ms, found 3 plugins.
Preloading 0 native plugins for Editor in 0.00 ms.
Unloading 2023 Unused Serialized files (Serialized files now loaded: 0)
System memory in use before: 94.3 MB.
System memory in use after: 94.4 MB.

Unloading 16 unused Assets to reduce memory usage. Loaded Objects now: 2606.
Total: 3.508600 ms (FindLiveObjects: 0.471000 ms CreateObjectMapping: 0.122800 ms MarkObjects: 2.862100 ms  DeleteObjects: 0.050700 ms)

AssetImportParameters requested are different than current active one (requested -> active):
  custom:graphics/normal-map-encoding: 01000000000000000000000000000000 -> 02000000000000000000000000000000
========================================================================
Received Prepare
Refreshing native plugins compatible for Editor in 6.51 ms, found 3 plugins.
Preloading 0 native plugins for Editor in 0.00 ms.
Unloading 14 Unused Serialized files (Serialized files now loaded: 0)
System memory in use before: 54.7 MB.
System memory in use after: 54.8 MB.

Unloading 14 unused Assets to reduce memory usage. Loaded Objects now: 2606.
Total: 3.030800 ms (FindLiveObjects: 0.401700 ms CreateObjectMapping: 0.097000 ms MarkObjects: 2.512400 ms  DeleteObjects: 0.018500 ms)

========================================================================
Received Import Request.
  Time since last request: 206.799734 seconds.
  path: Assets/Prefabs/rock.prefab
  artifactKey: Guid(98e05522bff18e746a57bd0385d88a4d) Importer(815301076,1909f56bfc062723c751e8b465ee728b)
Start importing Assets/Prefabs/rock.prefab using Guid(98e05522bff18e746a57bd0385d88a4d) Importer(815301076,1909f56bfc062723c751e8b465ee728b)  -> (artifact id: 'b1134f9d595f684fad23e52f1df7ba9f') in 0.076005 seconds
  Import took 0.080923 seconds .

========================================================================
Received Import Request.
  Time since last request: 10.691037 seconds.
  path: Assets/Scripts/IMovable.cs
  artifactKey: Guid(c996f94dcaccae34c8b2be934e9e9f06) Importer(815301076,1909f56bfc062723c751e8b465ee728b)
Start importing Assets/Scripts/IMovable.cs using Guid(c996f94dcaccae34c8b2be934e9e9f06) Importer(815301076,1909f56bfc062723c751e8b465ee728b)  -> (artifact id: '5970113cb353cdb8ff5c4044c0856ff2') in 0.010707 seconds
  Import took 0.015418 seconds .

========================================================================
Received Prepare
Registering precompiled user dll's ...
Registered in 0.009095 seconds.
Begin MonoManager ReloadAssembly
Native extension for WindowsStandalone target not found
Refreshing native plugins compatible for Editor in 0.84 ms, found 3 plugins.
Preloading 0 native plugins for Editor in 0.00 ms.
Mono: successfully reloaded assembly
- Completed reload, in  2.067 seconds
Platform modules already initialized, skipping
Switching build target platform(19) subTarget(0) extendedPlatform(0) -> platform(13) subTarget(537395200) extendedPlatform(0)
Refreshing native plugins compatible for Editor in 0.73 ms, found 3 plugins.
Preloading 0 native plugins for Editor in 0.00 ms.
Unloading 2022 Unused Serialized files (Serialized files now loaded: 0)
System memory in use before: 94.3 MB.
System memory in use after: 94.4 MB.

Unloading 17 unused Assets to reduce memory usage. Loaded Objects now: 2610.
Total: 3.314300 ms (FindLiveObjects: 0.363400 ms CreateObjectMapping: 0.098700 ms MarkObjects: 2.825300 ms  DeleteObjects: 0.025600 ms)

AssetImportParameters requested are different than current active one (requested -> active):
  custom:graphics/normal-map-encoding: 01000000000000000000000000000000 -> 02000000000000000000000000000000
========================================================================
Received Import Request.
  Time since last request: 15.184809 seconds.
  path: Assets/Scripts/Enemy.cs
  artifactKey: Guid(bc035465121fce24ab43f1499fe2435f) Importer(815301076,1909f56bfc062723c751e8b465ee728b)
Start importing Assets/Scripts/Enemy.cs using Guid(bc035465121fce24ab43f1499fe2435f) Importer(815301076,1909f56bfc062723c751e8b465ee728b)  -> (artifact id: '2389930a47bbdba3b0648e7b05bcfc81') in 0.011526 seconds
  Import took 0.016024 seconds .

========================================================================
Received Import Request.
  Time since last request: 0.030613 seconds.
  path: Assets/Scripts/Enemy.cs
  artifactKey: Guid(bc035465121fce24ab43f1499fe2435f) Importer(815301076,1909f56bfc062723c751e8b465ee728b)
Start importing Assets/Scripts/Enemy.cs using Guid(bc035465121fce24ab43f1499fe2435f) Importer(815301076,1909f56bfc062723c751e8b465ee728b)  -> (artifact id: '2389930a47bbdba3b0648e7b05bcfc81') in 0.003941 seconds
  Import took 0.009320 seconds .

========================================================================
Received Import Request.
  Time since last request: 0.631856 seconds.
  path: Assets/Scripts/CustomGrid.cs
  artifactKey: Guid(f5c9e901fb9fafd46855c92a69e719e9) Importer(815301076,1909f56bfc062723c751e8b465ee728b)
Start importing Assets/Scripts/CustomGrid.cs using Guid(f5c9e901fb9fafd46855c92a69e719e9) Importer(815301076,1909f56bfc062723c751e8b465ee728b)  -> (artifact id: '6f75f5e2d9391b6701632fa300e477c8') in 0.008351 seconds
  Import took 0.013215 seconds .

========================================================================
Received Prepare
Registering precompiled user dll's ...
Registered in 0.007950 seconds.
Begin MonoManager ReloadAssembly
Native extension for WindowsStandalone target not found
Refreshing native plugins compatible for Editor in 0.78 ms, found 3 plugins.
Preloading 0 native plugins for Editor in 0.00 ms.
Mono: successfully reloaded assembly
- Completed reload, in  1.741 seconds
Platform modules already initialized, skipping
Switching build target platform(19) subTarget(0) extendedPlatform(0) -> platform(13) subTarget(537395200) extendedPlatform(0)
Refreshing native plugins compatible for Editor in 0.83 ms, found 3 plugins.
Preloading 0 native plugins for Editor in 0.00 ms.
Unloading 2022 Unused Serialized files (Serialized files now loaded: 0)
System memory in use before: 94.3 MB.
System memory in use after: 94.4 MB.

Unloading 16 unused Assets to reduce memory usage. Loaded Objects now: 2614.
Total: 3.647200 ms (FindLiveObjects: 0.512900 ms CreateObjectMapping: 0.113300 ms MarkObjects: 2.975900 ms  DeleteObjects: 0.043100 ms)

AssetImportParameters requested are different than current active one (requested -> active):
  custom:graphics/normal-map-encoding: 01000000000000000000000000000000 -> 02000000000000000000000000000000
========================================================================
Received Prepare
Refreshing native plugins compatible for Editor in 6.60 ms, found 3 plugins.
Preloading 0 native plugins for Editor in 0.00 ms.
Unloading 14 Unused Serialized files (Serialized files now loaded: 0)
System memory in use before: 54.7 MB.
System memory in use after: 54.9 MB.

Unloading 14 unused Assets to reduce memory usage. Loaded Objects now: 2614.
Total: 3.444100 ms (FindLiveObjects: 0.373800 ms CreateObjectMapping: 0.101800 ms MarkObjects: 2.944900 ms  DeleteObjects: 0.022400 ms)

AssetImportWorkerClient::OnTransportError - code=2 error=End of file
